<?xml version="1.0" encoding="UTF-8"?>
<testsuite xmlns:xsi="http://www.w3.org/2001/XMLSchema-instance" xsi:noNamespaceSchemaLocation="https://maven.apache.org/surefire/maven-surefire-plugin/xsd/surefire-test-report.xsd" version="3.0.2" name="io.github.redouanebali.generation.util.StaggeredSeedPlacementUtilTest" time="0.237" tests="13" errors="0" skipped="0" failures="0">
  <properties>
    <property name="java.specification.version" value="21"/>
    <property name="sun.jnu.encoding" value="UTF-8"/>
    <property name="java.class.path" value="/Users/mac-RBALI19/Documents/GitHub/padel-tournament-manager/backend/core/target/test-classes:/Users/mac-RBALI19/Documents/GitHub/padel-tournament-manager/backend/core/target/classes:/Users/mac-RBALI19/.m2/repository/junit/junit/3.8.1/junit-3.8.1.jar:/Users/mac-RBALI19/.m2/repository/org/springframework/boot/spring-boot-starter-web/3.5.4/spring-boot-starter-web-3.5.4.jar:/Users/mac-RBALI19/.m2/repository/org/springframework/boot/spring-boot-starter/3.5.4/spring-boot-starter-3.5.4.jar:/Users/mac-RBALI19/.m2/repository/org/springframework/boot/spring-boot/3.5.4/spring-boot-3.5.4.jar:/Users/mac-RBALI19/.m2/repository/org/springframework/boot/spring-boot-autoconfigure/3.5.4/spring-boot-autoconfigure-3.5.4.jar:/Users/mac-RBALI19/.m2/repository/org/springframework/boot/spring-boot-starter-logging/3.5.4/spring-boot-starter-logging-3.5.4.jar:/Users/mac-RBALI19/.m2/repository/ch/qos/logback/logback-classic/1.5.18/logback-classic-1.5.18.jar:/Users/mac-RBALI19/.m2/repository/ch/qos/logback/logback-core/1.5.18/logback-core-1.5.18.jar:/Users/mac-RBALI19/.m2/repository/org/apache/logging/log4j/log4j-to-slf4j/2.24.3/log4j-to-slf4j-2.24.3.jar:/Users/mac-RBALI19/.m2/repository/org/apache/logging/log4j/log4j-api/2.24.3/log4j-api-2.24.3.jar:/Users/mac-RBALI19/.m2/repository/org/slf4j/jul-to-slf4j/2.0.17/jul-to-slf4j-2.0.17.jar:/Users/mac-RBALI19/.m2/repository/jakarta/annotation/jakarta.annotation-api/2.1.1/jakarta.annotation-api-2.1.1.jar:/Users/mac-RBALI19/.m2/repository/org/yaml/snakeyaml/2.4/snakeyaml-2.4.jar:/Users/mac-RBALI19/.m2/repository/org/springframework/boot/spring-boot-starter-json/3.5.4/spring-boot-starter-json-3.5.4.jar:/Users/mac-RBALI19/.m2/repository/com/fasterxml/jackson/datatype/jackson-datatype-jdk8/2.19.2/jackson-datatype-jdk8-2.19.2.jar:/Users/mac-RBALI19/.m2/repository/com/fasterxml/jackson/datatype/jackson-datatype-jsr310/2.19.2/jackson-datatype-jsr310-2.19.2.jar:/Users/mac-RBALI19/.m2/repository/com/fasterxml/jackson/module/jackson-module-parameter-names/2.19.2/jackson-module-parameter-names-2.19.2.jar:/Users/mac-RBALI19/.m2/repository/org/springframework/boot/spring-boot-starter-tomcat/3.5.4/spring-boot-starter-tomcat-3.5.4.jar:/Users/mac-RBALI19/.m2/repository/org/apache/tomcat/embed/tomcat-embed-core/10.1.43/tomcat-embed-core-10.1.43.jar:/Users/mac-RBALI19/.m2/repository/org/apache/tomcat/embed/tomcat-embed-websocket/10.1.43/tomcat-embed-websocket-10.1.43.jar:/Users/mac-RBALI19/.m2/repository/org/springframework/spring-web/6.2.9/spring-web-6.2.9.jar:/Users/mac-RBALI19/.m2/repository/org/springframework/spring-beans/6.2.9/spring-beans-6.2.9.jar:/Users/mac-RBALI19/.m2/repository/io/micrometer/micrometer-observation/1.15.2/micrometer-observation-1.15.2.jar:/Users/mac-RBALI19/.m2/repository/io/micrometer/micrometer-commons/1.15.2/micrometer-commons-1.15.2.jar:/Users/mac-RBALI19/.m2/repository/org/springframework/spring-webmvc/6.2.9/spring-webmvc-6.2.9.jar:/Users/mac-RBALI19/.m2/repository/org/springframework/spring-context/6.2.9/spring-context-6.2.9.jar:/Users/mac-RBALI19/.m2/repository/org/springframework/spring-expression/6.2.9/spring-expression-6.2.9.jar:/Users/mac-RBALI19/.m2/repository/org/springframework/boot/spring-boot-starter-data-jpa/3.5.4/spring-boot-starter-data-jpa-3.5.4.jar:/Users/mac-RBALI19/.m2/repository/org/springframework/boot/spring-boot-starter-jdbc/3.5.4/spring-boot-starter-jdbc-3.5.4.jar:/Users/mac-RBALI19/.m2/repository/com/zaxxer/HikariCP/6.3.1/HikariCP-6.3.1.jar:/Users/mac-RBALI19/.m2/repository/org/springframework/spring-jdbc/6.2.9/spring-jdbc-6.2.9.jar:/Users/mac-RBALI19/.m2/repository/org/hibernate/orm/hibernate-core/6.6.22.Final/hibernate-core-6.6.22.Final.jar:/Users/mac-RBALI19/.m2/repository/jakarta/persistence/jakarta.persistence-api/3.1.0/jakarta.persistence-api-3.1.0.jar:/Users/mac-RBALI19/.m2/repository/jakarta/transaction/jakarta.transaction-api/2.0.1/jakarta.transaction-api-2.0.1.jar:/Users/mac-RBALI19/.m2/repository/org/jboss/logging/jboss-logging/3.6.1.Final/jboss-logging-3.6.1.Final.jar:/Users/mac-RBALI19/.m2/repository/org/hibernate/common/hibernate-commons-annotations/7.0.3.Final/hibernate-commons-annotations-7.0.3.Final.jar:/Users/mac-RBALI19/.m2/repository/io/smallrye/jandex/3.2.0/jandex-3.2.0.jar:/Users/mac-RBALI19/.m2/repository/com/fasterxml/classmate/1.7.0/classmate-1.7.0.jar:/Users/mac-RBALI19/.m2/repository/org/glassfish/jaxb/jaxb-runtime/4.0.5/jaxb-runtime-4.0.5.jar:/Users/mac-RBALI19/.m2/repository/org/glassfish/jaxb/jaxb-core/4.0.5/jaxb-core-4.0.5.jar:/Users/mac-RBALI19/.m2/repository/org/eclipse/angus/angus-activation/2.0.2/angus-activation-2.0.2.jar:/Users/mac-RBALI19/.m2/repository/org/glassfish/jaxb/txw2/4.0.5/txw2-4.0.5.jar:/Users/mac-RBALI19/.m2/repository/com/sun/istack/istack-commons-runtime/4.1.2/istack-commons-runtime-4.1.2.jar:/Users/mac-RBALI19/.m2/repository/jakarta/inject/jakarta.inject-api/2.0.1/jakarta.inject-api-2.0.1.jar:/Users/mac-RBALI19/.m2/repository/org/antlr/antlr4-runtime/4.13.0/antlr4-runtime-4.13.0.jar:/Users/mac-RBALI19/.m2/repository/org/springframework/data/spring-data-jpa/3.5.2/spring-data-jpa-3.5.2.jar:/Users/mac-RBALI19/.m2/repository/org/springframework/data/spring-data-commons/3.5.2/spring-data-commons-3.5.2.jar:/Users/mac-RBALI19/.m2/repository/org/springframework/spring-orm/6.2.9/spring-orm-6.2.9.jar:/Users/mac-RBALI19/.m2/repository/org/springframework/spring-tx/6.2.9/spring-tx-6.2.9.jar:/Users/mac-RBALI19/.m2/repository/org/springframework/spring-aspects/6.2.9/spring-aspects-6.2.9.jar:/Users/mac-RBALI19/.m2/repository/org/aspectj/aspectjweaver/1.9.24/aspectjweaver-1.9.24.jar:/Users/mac-RBALI19/.m2/repository/org/springframework/boot/spring-boot-starter-validation/3.5.4/spring-boot-starter-validation-3.5.4.jar:/Users/mac-RBALI19/.m2/repository/org/apache/tomcat/embed/tomcat-embed-el/10.1.43/tomcat-embed-el-10.1.43.jar:/Users/mac-RBALI19/.m2/repository/org/hibernate/validator/hibernate-validator/8.0.2.Final/hibernate-validator-8.0.2.Final.jar:/Users/mac-RBALI19/.m2/repository/jakarta/validation/jakarta.validation-api/3.0.2/jakarta.validation-api-3.0.2.jar:/Users/mac-RBALI19/.m2/repository/org/springframework/boot/spring-boot-starter-security/3.5.4/spring-boot-starter-security-3.5.4.jar:/Users/mac-RBALI19/.m2/repository/org/springframework/spring-aop/6.2.9/spring-aop-6.2.9.jar:/Users/mac-RBALI19/.m2/repository/org/springframework/security/spring-security-config/6.5.2/spring-security-config-6.5.2.jar:/Users/mac-RBALI19/.m2/repository/org/springframework/security/spring-security-web/6.5.2/spring-security-web-6.5.2.jar:/Users/mac-RBALI19/.m2/repository/org/springframework/boot/spring-boot-starter-oauth2-resource-server/3.5.4/spring-boot-starter-oauth2-resource-server-3.5.4.jar:/Users/mac-RBALI19/.m2/repository/org/springframework/security/spring-security-core/6.5.2/spring-security-core-6.5.2.jar:/Users/mac-RBALI19/.m2/repository/org/springframework/security/spring-security-crypto/6.5.2/spring-security-crypto-6.5.2.jar:/Users/mac-RBALI19/.m2/repository/org/springframework/security/spring-security-oauth2-resource-server/6.5.2/spring-security-oauth2-resource-server-6.5.2.jar:/Users/mac-RBALI19/.m2/repository/org/springframework/security/spring-security-oauth2-core/6.5.2/spring-security-oauth2-core-6.5.2.jar:/Users/mac-RBALI19/.m2/repository/org/springframework/security/spring-security-oauth2-jose/6.5.2/spring-security-oauth2-jose-6.5.2.jar:/Users/mac-RBALI19/.m2/repository/com/nimbusds/nimbus-jose-jwt/9.37.3/nimbus-jose-jwt-9.37.3.jar:/Users/mac-RBALI19/.m2/repository/com/github/stephenc/jcip/jcip-annotations/1.0-1/jcip-annotations-1.0-1.jar:/Users/mac-RBALI19/.m2/repository/com/h2database/h2/2.3.232/h2-2.3.232.jar:/Users/mac-RBALI19/.m2/repository/org/postgresql/postgresql/42.7.3/postgresql-42.7.3.jar:/Users/mac-RBALI19/.m2/repository/org/checkerframework/checker-qual/3.42.0/checker-qual-3.42.0.jar:/Users/mac-RBALI19/.m2/repository/com/google/cloud/sql/postgres-socket-factory/1.17.1/postgres-socket-factory-1.17.1.jar:/Users/mac-RBALI19/.m2/repository/com/google/cloud/sql/jdbc-socket-factory-core/1.17.1/jdbc-socket-factory-core-1.17.1.jar:/Users/mac-RBALI19/.m2/repository/com/github/jnr/jnr-unixsocket/0.38.22/jnr-unixsocket-0.38.22.jar:/Users/mac-RBALI19/.m2/repository/com/github/jnr/jnr-ffi/2.2.16/jnr-ffi-2.2.16.jar:/Users/mac-RBALI19/.m2/repository/com/github/jnr/jffi/1.3.13/jffi-1.3.13.jar:/Users/mac-RBALI19/.m2/repository/com/github/jnr/jffi/1.3.13/jffi-1.3.13-native.jar:/Users/mac-RBALI19/.m2/repository/org/ow2/asm/asm-commons/9.2/asm-commons-9.2.jar:/Users/mac-RBALI19/.m2/repository/org/ow2/asm/asm-analysis/9.2/asm-analysis-9.2.jar:/Users/mac-RBALI19/.m2/repository/org/ow2/asm/asm-tree/9.2/asm-tree-9.2.jar:/Users/mac-RBALI19/.m2/repository/com/github/jnr/jnr-a64asm/1.0.0/jnr-a64asm-1.0.0.jar:/Users/mac-RBALI19/.m2/repository/com/github/jnr/jnr-x86asm/1.0.2/jnr-x86asm-1.0.2.jar:/Users/mac-RBALI19/.m2/repository/com/github/jnr/jnr-constants/0.10.4/jnr-constants-0.10.4.jar:/Users/mac-RBALI19/.m2/repository/com/github/jnr/jnr-enxio/0.32.17/jnr-enxio-0.32.17.jar:/Users/mac-RBALI19/.m2/repository/com/github/jnr/jnr-posix/3.1.19/jnr-posix-3.1.19.jar:/Users/mac-RBALI19/.m2/repository/com/google/http-client/google-http-client/1.44.1/google-http-client-1.44.1.jar:/Users/mac-RBALI19/.m2/repository/org/apache/httpcomponents/httpclient/4.5.14/httpclient-4.5.14.jar:/Users/mac-RBALI19/.m2/repository/org/apache/httpcomponents/httpcore/4.4.16/httpcore-4.4.16.jar:/Users/mac-RBALI19/.m2/repository/com/google/code/findbugs/jsr305/3.0.2/jsr305-3.0.2.jar:/Users/mac-RBALI19/.m2/repository/com/google/j2objc/j2objc-annotations/2.8/j2objc-annotations-2.8.jar:/Users/mac-RBALI19/.m2/repository/io/grpc/grpc-context/1.60.1/grpc-context-1.60.1.jar:/Users/mac-RBALI19/.m2/repository/io/grpc/grpc-api/1.60.1/grpc-api-1.60.1.jar:/Users/mac-RBALI19/.m2/repository/io/opencensus/opencensus-api/0.31.1/opencensus-api-0.31.1.jar:/Users/mac-RBALI19/.m2/repository/io/opencensus/opencensus-contrib-http-util/0.31.1/opencensus-contrib-http-util-0.31.1.jar:/Users/mac-RBALI19/.m2/repository/com/google/guava/guava/33.1.0-android/guava-33.1.0-android.jar:/Users/mac-RBALI19/.m2/repository/com/google/guava/failureaccess/1.0.2/failureaccess-1.0.2.jar:/Users/mac-RBALI19/.m2/repository/com/google/guava/listenablefuture/9999.0-empty-to-avoid-conflict-with-guava/listenablefuture-9999.0-empty-to-avoid-conflict-with-guava.jar:/Users/mac-RBALI19/.m2/repository/com/google/errorprone/error_prone_annotations/2.26.1/error_prone_annotations-2.26.1.jar:/Users/mac-RBALI19/.m2/repository/com/google/http-client/google-http-client-gson/1.44.1/google-http-client-gson-1.44.1.jar:/Users/mac-RBALI19/.m2/repository/com/google/code/gson/gson/2.13.1/gson-2.13.1.jar:/Users/mac-RBALI19/.m2/repository/com/google/api-client/google-api-client/2.4.0/google-api-client-2.4.0.jar:/Users/mac-RBALI19/.m2/repository/commons-codec/commons-codec/1.18.0/commons-codec-1.18.0.jar:/Users/mac-RBALI19/.m2/repository/com/google/http-client/google-http-client-apache-v2/1.44.1/google-http-client-apache-v2-1.44.1.jar:/Users/mac-RBALI19/.m2/repository/com/google/apis/google-api-services-sqladmin/v1beta4-rev20240304-2.0.0/google-api-services-sqladmin-v1beta4-rev20240304-2.0.0.jar:/Users/mac-RBALI19/.m2/repository/com/google/auth/google-auth-library-credentials/1.23.0/google-auth-library-credentials-1.23.0.jar:/Users/mac-RBALI19/.m2/repository/com/google/auth/google-auth-library-oauth2-http/1.23.0/google-auth-library-oauth2-http-1.23.0.jar:/Users/mac-RBALI19/.m2/repository/com/google/auto/value/auto-value-annotations/1.10.4/auto-value-annotations-1.10.4.jar:/Users/mac-RBALI19/.m2/repository/com/google/oauth-client/google-oauth-client/1.35.0/google-oauth-client-1.35.0.jar:/Users/mac-RBALI19/.m2/repository/com/google/api/gax/2.46.1/gax-2.46.1.jar:/Users/mac-RBALI19/.m2/repository/io/opentelemetry/opentelemetry-api/1.49.0/opentelemetry-api-1.49.0.jar:/Users/mac-RBALI19/.m2/repository/io/opentelemetry/opentelemetry-context/1.49.0/opentelemetry-context-1.49.0.jar:/Users/mac-RBALI19/.m2/repository/org/slf4j/slf4j-api/2.0.17/slf4j-api-2.0.17.jar:/Users/mac-RBALI19/.m2/repository/org/flywaydb/flyway-core/11.11.1/flyway-core-11.11.1.jar:/Users/mac-RBALI19/.m2/repository/com/fasterxml/jackson/core/jackson-databind/2.19.2/jackson-databind-2.19.2.jar:/Users/mac-RBALI19/.m2/repository/com/fasterxml/jackson/core/jackson-annotations/2.19.2/jackson-annotations-2.19.2.jar:/Users/mac-RBALI19/.m2/repository/com/fasterxml/jackson/core/jackson-core/2.19.2/jackson-core-2.19.2.jar:/Users/mac-RBALI19/.m2/repository/org/flywaydb/flyway-database-postgresql/11.11.1/flyway-database-postgresql-11.11.1.jar:/Users/mac-RBALI19/.m2/repository/org/projectlombok/lombok/1.18.38/lombok-1.18.38.jar:/Users/mac-RBALI19/.m2/repository/org/mapstruct/mapstruct/1.6.2/mapstruct-1.6.2.jar:/Users/mac-RBALI19/.m2/repository/org/springframework/boot/spring-boot-starter-test/3.5.4/spring-boot-starter-test-3.5.4.jar:/Users/mac-RBALI19/.m2/repository/org/springframework/boot/spring-boot-test/3.5.4/spring-boot-test-3.5.4.jar:/Users/mac-RBALI19/.m2/repository/org/springframework/boot/spring-boot-test-autoconfigure/3.5.4/spring-boot-test-autoconfigure-3.5.4.jar:/Users/mac-RBALI19/.m2/repository/com/jayway/jsonpath/json-path/2.9.0/json-path-2.9.0.jar:/Users/mac-RBALI19/.m2/repository/jakarta/xml/bind/jakarta.xml.bind-api/4.0.2/jakarta.xml.bind-api-4.0.2.jar:/Users/mac-RBALI19/.m2/repository/jakarta/activation/jakarta.activation-api/2.1.3/jakarta.activation-api-2.1.3.jar:/Users/mac-RBALI19/.m2/repository/net/minidev/json-smart/2.5.2/json-smart-2.5.2.jar:/Users/mac-RBALI19/.m2/repository/net/minidev/accessors-smart/2.5.2/accessors-smart-2.5.2.jar:/Users/mac-RBALI19/.m2/repository/org/ow2/asm/asm/9.7.1/asm-9.7.1.jar:/Users/mac-RBALI19/.m2/repository/org/assertj/assertj-core/3.27.3/assertj-core-3.27.3.jar:/Users/mac-RBALI19/.m2/repository/org/awaitility/awaitility/4.2.2/awaitility-4.2.2.jar:/Users/mac-RBALI19/.m2/repository/org/hamcrest/hamcrest/3.0/hamcrest-3.0.jar:/Users/mac-RBALI19/.m2/repository/org/skyscreamer/jsonassert/1.5.3/jsonassert-1.5.3.jar:/Users/mac-RBALI19/.m2/repository/com/vaadin/external/google/android-json/0.0.20131108.vaadin1/android-json-0.0.20131108.vaadin1.jar:/Users/mac-RBALI19/.m2/repository/org/springframework/spring-core/6.2.9/spring-core-6.2.9.jar:/Users/mac-RBALI19/.m2/repository/org/springframework/spring-jcl/6.2.9/spring-jcl-6.2.9.jar:/Users/mac-RBALI19/.m2/repository/org/springframework/spring-test/6.2.9/spring-test-6.2.9.jar:/Users/mac-RBALI19/.m2/repository/org/xmlunit/xmlunit-core/2.10.3/xmlunit-core-2.10.3.jar:/Users/mac-RBALI19/.m2/repository/org/springframework/security/spring-security-test/6.5.2/spring-security-test-6.5.2.jar:/Users/mac-RBALI19/.m2/repository/org/junit/jupiter/junit-jupiter/5.10.2/junit-jupiter-5.10.2.jar:/Users/mac-RBALI19/.m2/repository/org/junit/jupiter/junit-jupiter-api/5.12.2/junit-jupiter-api-5.12.2.jar:/Users/mac-RBALI19/.m2/repository/org/opentest4j/opentest4j/1.3.0/opentest4j-1.3.0.jar:/Users/mac-RBALI19/.m2/repository/org/junit/platform/junit-platform-commons/1.12.2/junit-platform-commons-1.12.2.jar:/Users/mac-RBALI19/.m2/repository/org/apiguardian/apiguardian-api/1.1.2/apiguardian-api-1.1.2.jar:/Users/mac-RBALI19/.m2/repository/org/junit/jupiter/junit-jupiter-params/5.12.2/junit-jupiter-params-5.12.2.jar:/Users/mac-RBALI19/.m2/repository/org/junit/jupiter/junit-jupiter-engine/5.12.2/junit-jupiter-engine-5.12.2.jar:/Users/mac-RBALI19/.m2/repository/org/junit/platform/junit-platform-engine/1.12.2/junit-platform-engine-1.12.2.jar:/Users/mac-RBALI19/.m2/repository/org/mockito/mockito-core/5.11.0/mockito-core-5.11.0.jar:/Users/mac-RBALI19/.m2/repository/net/bytebuddy/byte-buddy/1.17.6/byte-buddy-1.17.6.jar:/Users/mac-RBALI19/.m2/repository/net/bytebuddy/byte-buddy-agent/1.17.6/byte-buddy-agent-1.17.6.jar:/Users/mac-RBALI19/.m2/repository/org/objenesis/objenesis/3.3/objenesis-3.3.jar:/Users/mac-RBALI19/.m2/repository/org/mockito/mockito-junit-jupiter/5.11.0/mockito-junit-jupiter-5.11.0.jar:"/>
    <property name="java.vm.vendor" value="Oracle Corporation"/>
    <property name="sun.arch.data.model" value="64"/>
    <property name="java.vendor.url" value="https://java.oracle.com/"/>
    <property name="user.timezone" value="Africa/Casablanca"/>
    <property name="os.name" value="Mac OS X"/>
    <property name="java.vm.specification.version" value="21"/>
    <property name="sun.java.launcher" value="SUN_STANDARD"/>
    <property name="user.country" value="FR"/>
    <property name="sun.boot.library.path" value="/Users/mac-RBALI19/Library/Java/JavaVirtualMachines/jdk-21.0.2.jdk/Contents/Home/lib"/>
    <property name="sun.java.command" value="/Users/mac-RBALI19/Documents/GitHub/padel-tournament-manager/backend/core/target/surefire/surefirebooter-20251005093040600_3.jar /Users/mac-RBALI19/Documents/GitHub/padel-tournament-manager/backend/core/target/surefire 2025-10-05T09-30-40_553-jvmRun1 surefire-20251005093040600_1tmp surefire_0-20251005093040600_2tmp"/>
    <property name="jdk.debug" value="release"/>
    <property name="surefire.test.class.path" value="/Users/mac-RBALI19/Documents/GitHub/padel-tournament-manager/backend/core/target/test-classes:/Users/mac-RBALI19/Documents/GitHub/padel-tournament-manager/backend/core/target/classes:/Users/mac-RBALI19/.m2/repository/junit/junit/3.8.1/junit-3.8.1.jar:/Users/mac-RBALI19/.m2/repository/org/springframework/boot/spring-boot-starter-web/3.5.4/spring-boot-starter-web-3.5.4.jar:/Users/mac-RBALI19/.m2/repository/org/springframework/boot/spring-boot-starter/3.5.4/spring-boot-starter-3.5.4.jar:/Users/mac-RBALI19/.m2/repository/org/springframework/boot/spring-boot/3.5.4/spring-boot-3.5.4.jar:/Users/mac-RBALI19/.m2/repository/org/springframework/boot/spring-boot-autoconfigure/3.5.4/spring-boot-autoconfigure-3.5.4.jar:/Users/mac-RBALI19/.m2/repository/org/springframework/boot/spring-boot-starter-logging/3.5.4/spring-boot-starter-logging-3.5.4.jar:/Users/mac-RBALI19/.m2/repository/ch/qos/logback/logback-classic/1.5.18/logback-classic-1.5.18.jar:/Users/mac-RBALI19/.m2/repository/ch/qos/logback/logback-core/1.5.18/logback-core-1.5.18.jar:/Users/mac-RBALI19/.m2/repository/org/apache/logging/log4j/log4j-to-slf4j/2.24.3/log4j-to-slf4j-2.24.3.jar:/Users/mac-RBALI19/.m2/repository/org/apache/logging/log4j/log4j-api/2.24.3/log4j-api-2.24.3.jar:/Users/mac-RBALI19/.m2/repository/org/slf4j/jul-to-slf4j/2.0.17/jul-to-slf4j-2.0.17.jar:/Users/mac-RBALI19/.m2/repository/jakarta/annotation/jakarta.annotation-api/2.1.1/jakarta.annotation-api-2.1.1.jar:/Users/mac-RBALI19/.m2/repository/org/yaml/snakeyaml/2.4/snakeyaml-2.4.jar:/Users/mac-RBALI19/.m2/repository/org/springframework/boot/spring-boot-starter-json/3.5.4/spring-boot-starter-json-3.5.4.jar:/Users/mac-RBALI19/.m2/repository/com/fasterxml/jackson/datatype/jackson-datatype-jdk8/2.19.2/jackson-datatype-jdk8-2.19.2.jar:/Users/mac-RBALI19/.m2/repository/com/fasterxml/jackson/datatype/jackson-datatype-jsr310/2.19.2/jackson-datatype-jsr310-2.19.2.jar:/Users/mac-RBALI19/.m2/repository/com/fasterxml/jackson/module/jackson-module-parameter-names/2.19.2/jackson-module-parameter-names-2.19.2.jar:/Users/mac-RBALI19/.m2/repository/org/springframework/boot/spring-boot-starter-tomcat/3.5.4/spring-boot-starter-tomcat-3.5.4.jar:/Users/mac-RBALI19/.m2/repository/org/apache/tomcat/embed/tomcat-embed-core/10.1.43/tomcat-embed-core-10.1.43.jar:/Users/mac-RBALI19/.m2/repository/org/apache/tomcat/embed/tomcat-embed-websocket/10.1.43/tomcat-embed-websocket-10.1.43.jar:/Users/mac-RBALI19/.m2/repository/org/springframework/spring-web/6.2.9/spring-web-6.2.9.jar:/Users/mac-RBALI19/.m2/repository/org/springframework/spring-beans/6.2.9/spring-beans-6.2.9.jar:/Users/mac-RBALI19/.m2/repository/io/micrometer/micrometer-observation/1.15.2/micrometer-observation-1.15.2.jar:/Users/mac-RBALI19/.m2/repository/io/micrometer/micrometer-commons/1.15.2/micrometer-commons-1.15.2.jar:/Users/mac-RBALI19/.m2/repository/org/springframework/spring-webmvc/6.2.9/spring-webmvc-6.2.9.jar:/Users/mac-RBALI19/.m2/repository/org/springframework/spring-context/6.2.9/spring-context-6.2.9.jar:/Users/mac-RBALI19/.m2/repository/org/springframework/spring-expression/6.2.9/spring-expression-6.2.9.jar:/Users/mac-RBALI19/.m2/repository/org/springframework/boot/spring-boot-starter-data-jpa/3.5.4/spring-boot-starter-data-jpa-3.5.4.jar:/Users/mac-RBALI19/.m2/repository/org/springframework/boot/spring-boot-starter-jdbc/3.5.4/spring-boot-starter-jdbc-3.5.4.jar:/Users/mac-RBALI19/.m2/repository/com/zaxxer/HikariCP/6.3.1/HikariCP-6.3.1.jar:/Users/mac-RBALI19/.m2/repository/org/springframework/spring-jdbc/6.2.9/spring-jdbc-6.2.9.jar:/Users/mac-RBALI19/.m2/repository/org/hibernate/orm/hibernate-core/6.6.22.Final/hibernate-core-6.6.22.Final.jar:/Users/mac-RBALI19/.m2/repository/jakarta/persistence/jakarta.persistence-api/3.1.0/jakarta.persistence-api-3.1.0.jar:/Users/mac-RBALI19/.m2/repository/jakarta/transaction/jakarta.transaction-api/2.0.1/jakarta.transaction-api-2.0.1.jar:/Users/mac-RBALI19/.m2/repository/org/jboss/logging/jboss-logging/3.6.1.Final/jboss-logging-3.6.1.Final.jar:/Users/mac-RBALI19/.m2/repository/org/hibernate/common/hibernate-commons-annotations/7.0.3.Final/hibernate-commons-annotations-7.0.3.Final.jar:/Users/mac-RBALI19/.m2/repository/io/smallrye/jandex/3.2.0/jandex-3.2.0.jar:/Users/mac-RBALI19/.m2/repository/com/fasterxml/classmate/1.7.0/classmate-1.7.0.jar:/Users/mac-RBALI19/.m2/repository/org/glassfish/jaxb/jaxb-runtime/4.0.5/jaxb-runtime-4.0.5.jar:/Users/mac-RBALI19/.m2/repository/org/glassfish/jaxb/jaxb-core/4.0.5/jaxb-core-4.0.5.jar:/Users/mac-RBALI19/.m2/repository/org/eclipse/angus/angus-activation/2.0.2/angus-activation-2.0.2.jar:/Users/mac-RBALI19/.m2/repository/org/glassfish/jaxb/txw2/4.0.5/txw2-4.0.5.jar:/Users/mac-RBALI19/.m2/repository/com/sun/istack/istack-commons-runtime/4.1.2/istack-commons-runtime-4.1.2.jar:/Users/mac-RBALI19/.m2/repository/jakarta/inject/jakarta.inject-api/2.0.1/jakarta.inject-api-2.0.1.jar:/Users/mac-RBALI19/.m2/repository/org/antlr/antlr4-runtime/4.13.0/antlr4-runtime-4.13.0.jar:/Users/mac-RBALI19/.m2/repository/org/springframework/data/spring-data-jpa/3.5.2/spring-data-jpa-3.5.2.jar:/Users/mac-RBALI19/.m2/repository/org/springframework/data/spring-data-commons/3.5.2/spring-data-commons-3.5.2.jar:/Users/mac-RBALI19/.m2/repository/org/springframework/spring-orm/6.2.9/spring-orm-6.2.9.jar:/Users/mac-RBALI19/.m2/repository/org/springframework/spring-tx/6.2.9/spring-tx-6.2.9.jar:/Users/mac-RBALI19/.m2/repository/org/springframework/spring-aspects/6.2.9/spring-aspects-6.2.9.jar:/Users/mac-RBALI19/.m2/repository/org/aspectj/aspectjweaver/1.9.24/aspectjweaver-1.9.24.jar:/Users/mac-RBALI19/.m2/repository/org/springframework/boot/spring-boot-starter-validation/3.5.4/spring-boot-starter-validation-3.5.4.jar:/Users/mac-RBALI19/.m2/repository/org/apache/tomcat/embed/tomcat-embed-el/10.1.43/tomcat-embed-el-10.1.43.jar:/Users/mac-RBALI19/.m2/repository/org/hibernate/validator/hibernate-validator/8.0.2.Final/hibernate-validator-8.0.2.Final.jar:/Users/mac-RBALI19/.m2/repository/jakarta/validation/jakarta.validation-api/3.0.2/jakarta.validation-api-3.0.2.jar:/Users/mac-RBALI19/.m2/repository/org/springframework/boot/spring-boot-starter-security/3.5.4/spring-boot-starter-security-3.5.4.jar:/Users/mac-RBALI19/.m2/repository/org/springframework/spring-aop/6.2.9/spring-aop-6.2.9.jar:/Users/mac-RBALI19/.m2/repository/org/springframework/security/spring-security-config/6.5.2/spring-security-config-6.5.2.jar:/Users/mac-RBALI19/.m2/repository/org/springframework/security/spring-security-web/6.5.2/spring-security-web-6.5.2.jar:/Users/mac-RBALI19/.m2/repository/org/springframework/boot/spring-boot-starter-oauth2-resource-server/3.5.4/spring-boot-starter-oauth2-resource-server-3.5.4.jar:/Users/mac-RBALI19/.m2/repository/org/springframework/security/spring-security-core/6.5.2/spring-security-core-6.5.2.jar:/Users/mac-RBALI19/.m2/repository/org/springframework/security/spring-security-crypto/6.5.2/spring-security-crypto-6.5.2.jar:/Users/mac-RBALI19/.m2/repository/org/springframework/security/spring-security-oauth2-resource-server/6.5.2/spring-security-oauth2-resource-server-6.5.2.jar:/Users/mac-RBALI19/.m2/repository/org/springframework/security/spring-security-oauth2-core/6.5.2/spring-security-oauth2-core-6.5.2.jar:/Users/mac-RBALI19/.m2/repository/org/springframework/security/spring-security-oauth2-jose/6.5.2/spring-security-oauth2-jose-6.5.2.jar:/Users/mac-RBALI19/.m2/repository/com/nimbusds/nimbus-jose-jwt/9.37.3/nimbus-jose-jwt-9.37.3.jar:/Users/mac-RBALI19/.m2/repository/com/github/stephenc/jcip/jcip-annotations/1.0-1/jcip-annotations-1.0-1.jar:/Users/mac-RBALI19/.m2/repository/com/h2database/h2/2.3.232/h2-2.3.232.jar:/Users/mac-RBALI19/.m2/repository/org/postgresql/postgresql/42.7.3/postgresql-42.7.3.jar:/Users/mac-RBALI19/.m2/repository/org/checkerframework/checker-qual/3.42.0/checker-qual-3.42.0.jar:/Users/mac-RBALI19/.m2/repository/com/google/cloud/sql/postgres-socket-factory/1.17.1/postgres-socket-factory-1.17.1.jar:/Users/mac-RBALI19/.m2/repository/com/google/cloud/sql/jdbc-socket-factory-core/1.17.1/jdbc-socket-factory-core-1.17.1.jar:/Users/mac-RBALI19/.m2/repository/com/github/jnr/jnr-unixsocket/0.38.22/jnr-unixsocket-0.38.22.jar:/Users/mac-RBALI19/.m2/repository/com/github/jnr/jnr-ffi/2.2.16/jnr-ffi-2.2.16.jar:/Users/mac-RBALI19/.m2/repository/com/github/jnr/jffi/1.3.13/jffi-1.3.13.jar:/Users/mac-RBALI19/.m2/repository/com/github/jnr/jffi/1.3.13/jffi-1.3.13-native.jar:/Users/mac-RBALI19/.m2/repository/org/ow2/asm/asm-commons/9.2/asm-commons-9.2.jar:/Users/mac-RBALI19/.m2/repository/org/ow2/asm/asm-analysis/9.2/asm-analysis-9.2.jar:/Users/mac-RBALI19/.m2/repository/org/ow2/asm/asm-tree/9.2/asm-tree-9.2.jar:/Users/mac-RBALI19/.m2/repository/com/github/jnr/jnr-a64asm/1.0.0/jnr-a64asm-1.0.0.jar:/Users/mac-RBALI19/.m2/repository/com/github/jnr/jnr-x86asm/1.0.2/jnr-x86asm-1.0.2.jar:/Users/mac-RBALI19/.m2/repository/com/github/jnr/jnr-constants/0.10.4/jnr-constants-0.10.4.jar:/Users/mac-RBALI19/.m2/repository/com/github/jnr/jnr-enxio/0.32.17/jnr-enxio-0.32.17.jar:/Users/mac-RBALI19/.m2/repository/com/github/jnr/jnr-posix/3.1.19/jnr-posix-3.1.19.jar:/Users/mac-RBALI19/.m2/repository/com/google/http-client/google-http-client/1.44.1/google-http-client-1.44.1.jar:/Users/mac-RBALI19/.m2/repository/org/apache/httpcomponents/httpclient/4.5.14/httpclient-4.5.14.jar:/Users/mac-RBALI19/.m2/repository/org/apache/httpcomponents/httpcore/4.4.16/httpcore-4.4.16.jar:/Users/mac-RBALI19/.m2/repository/com/google/code/findbugs/jsr305/3.0.2/jsr305-3.0.2.jar:/Users/mac-RBALI19/.m2/repository/com/google/j2objc/j2objc-annotations/2.8/j2objc-annotations-2.8.jar:/Users/mac-RBALI19/.m2/repository/io/grpc/grpc-context/1.60.1/grpc-context-1.60.1.jar:/Users/mac-RBALI19/.m2/repository/io/grpc/grpc-api/1.60.1/grpc-api-1.60.1.jar:/Users/mac-RBALI19/.m2/repository/io/opencensus/opencensus-api/0.31.1/opencensus-api-0.31.1.jar:/Users/mac-RBALI19/.m2/repository/io/opencensus/opencensus-contrib-http-util/0.31.1/opencensus-contrib-http-util-0.31.1.jar:/Users/mac-RBALI19/.m2/repository/com/google/guava/guava/33.1.0-android/guava-33.1.0-android.jar:/Users/mac-RBALI19/.m2/repository/com/google/guava/failureaccess/1.0.2/failureaccess-1.0.2.jar:/Users/mac-RBALI19/.m2/repository/com/google/guava/listenablefuture/9999.0-empty-to-avoid-conflict-with-guava/listenablefuture-9999.0-empty-to-avoid-conflict-with-guava.jar:/Users/mac-RBALI19/.m2/repository/com/google/errorprone/error_prone_annotations/2.26.1/error_prone_annotations-2.26.1.jar:/Users/mac-RBALI19/.m2/repository/com/google/http-client/google-http-client-gson/1.44.1/google-http-client-gson-1.44.1.jar:/Users/mac-RBALI19/.m2/repository/com/google/code/gson/gson/2.13.1/gson-2.13.1.jar:/Users/mac-RBALI19/.m2/repository/com/google/api-client/google-api-client/2.4.0/google-api-client-2.4.0.jar:/Users/mac-RBALI19/.m2/repository/commons-codec/commons-codec/1.18.0/commons-codec-1.18.0.jar:/Users/mac-RBALI19/.m2/repository/com/google/http-client/google-http-client-apache-v2/1.44.1/google-http-client-apache-v2-1.44.1.jar:/Users/mac-RBALI19/.m2/repository/com/google/apis/google-api-services-sqladmin/v1beta4-rev20240304-2.0.0/google-api-services-sqladmin-v1beta4-rev20240304-2.0.0.jar:/Users/mac-RBALI19/.m2/repository/com/google/auth/google-auth-library-credentials/1.23.0/google-auth-library-credentials-1.23.0.jar:/Users/mac-RBALI19/.m2/repository/com/google/auth/google-auth-library-oauth2-http/1.23.0/google-auth-library-oauth2-http-1.23.0.jar:/Users/mac-RBALI19/.m2/repository/com/google/auto/value/auto-value-annotations/1.10.4/auto-value-annotations-1.10.4.jar:/Users/mac-RBALI19/.m2/repository/com/google/oauth-client/google-oauth-client/1.35.0/google-oauth-client-1.35.0.jar:/Users/mac-RBALI19/.m2/repository/com/google/api/gax/2.46.1/gax-2.46.1.jar:/Users/mac-RBALI19/.m2/repository/io/opentelemetry/opentelemetry-api/1.49.0/opentelemetry-api-1.49.0.jar:/Users/mac-RBALI19/.m2/repository/io/opentelemetry/opentelemetry-context/1.49.0/opentelemetry-context-1.49.0.jar:/Users/mac-RBALI19/.m2/repository/org/slf4j/slf4j-api/2.0.17/slf4j-api-2.0.17.jar:/Users/mac-RBALI19/.m2/repository/org/flywaydb/flyway-core/11.11.1/flyway-core-11.11.1.jar:/Users/mac-RBALI19/.m2/repository/com/fasterxml/jackson/core/jackson-databind/2.19.2/jackson-databind-2.19.2.jar:/Users/mac-RBALI19/.m2/repository/com/fasterxml/jackson/core/jackson-annotations/2.19.2/jackson-annotations-2.19.2.jar:/Users/mac-RBALI19/.m2/repository/com/fasterxml/jackson/core/jackson-core/2.19.2/jackson-core-2.19.2.jar:/Users/mac-RBALI19/.m2/repository/org/flywaydb/flyway-database-postgresql/11.11.1/flyway-database-postgresql-11.11.1.jar:/Users/mac-RBALI19/.m2/repository/org/projectlombok/lombok/1.18.38/lombok-1.18.38.jar:/Users/mac-RBALI19/.m2/repository/org/mapstruct/mapstruct/1.6.2/mapstruct-1.6.2.jar:/Users/mac-RBALI19/.m2/repository/org/springframework/boot/spring-boot-starter-test/3.5.4/spring-boot-starter-test-3.5.4.jar:/Users/mac-RBALI19/.m2/repository/org/springframework/boot/spring-boot-test/3.5.4/spring-boot-test-3.5.4.jar:/Users/mac-RBALI19/.m2/repository/org/springframework/boot/spring-boot-test-autoconfigure/3.5.4/spring-boot-test-autoconfigure-3.5.4.jar:/Users/mac-RBALI19/.m2/repository/com/jayway/jsonpath/json-path/2.9.0/json-path-2.9.0.jar:/Users/mac-RBALI19/.m2/repository/jakarta/xml/bind/jakarta.xml.bind-api/4.0.2/jakarta.xml.bind-api-4.0.2.jar:/Users/mac-RBALI19/.m2/repository/jakarta/activation/jakarta.activation-api/2.1.3/jakarta.activation-api-2.1.3.jar:/Users/mac-RBALI19/.m2/repository/net/minidev/json-smart/2.5.2/json-smart-2.5.2.jar:/Users/mac-RBALI19/.m2/repository/net/minidev/accessors-smart/2.5.2/accessors-smart-2.5.2.jar:/Users/mac-RBALI19/.m2/repository/org/ow2/asm/asm/9.7.1/asm-9.7.1.jar:/Users/mac-RBALI19/.m2/repository/org/assertj/assertj-core/3.27.3/assertj-core-3.27.3.jar:/Users/mac-RBALI19/.m2/repository/org/awaitility/awaitility/4.2.2/awaitility-4.2.2.jar:/Users/mac-RBALI19/.m2/repository/org/hamcrest/hamcrest/3.0/hamcrest-3.0.jar:/Users/mac-RBALI19/.m2/repository/org/skyscreamer/jsonassert/1.5.3/jsonassert-1.5.3.jar:/Users/mac-RBALI19/.m2/repository/com/vaadin/external/google/android-json/0.0.20131108.vaadin1/android-json-0.0.20131108.vaadin1.jar:/Users/mac-RBALI19/.m2/repository/org/springframework/spring-core/6.2.9/spring-core-6.2.9.jar:/Users/mac-RBALI19/.m2/repository/org/springframework/spring-jcl/6.2.9/spring-jcl-6.2.9.jar:/Users/mac-RBALI19/.m2/repository/org/springframework/spring-test/6.2.9/spring-test-6.2.9.jar:/Users/mac-RBALI19/.m2/repository/org/xmlunit/xmlunit-core/2.10.3/xmlunit-core-2.10.3.jar:/Users/mac-RBALI19/.m2/repository/org/springframework/security/spring-security-test/6.5.2/spring-security-test-6.5.2.jar:/Users/mac-RBALI19/.m2/repository/org/junit/jupiter/junit-jupiter/5.10.2/junit-jupiter-5.10.2.jar:/Users/mac-RBALI19/.m2/repository/org/junit/jupiter/junit-jupiter-api/5.12.2/junit-jupiter-api-5.12.2.jar:/Users/mac-RBALI19/.m2/repository/org/opentest4j/opentest4j/1.3.0/opentest4j-1.3.0.jar:/Users/mac-RBALI19/.m2/repository/org/junit/platform/junit-platform-commons/1.12.2/junit-platform-commons-1.12.2.jar:/Users/mac-RBALI19/.m2/repository/org/apiguardian/apiguardian-api/1.1.2/apiguardian-api-1.1.2.jar:/Users/mac-RBALI19/.m2/repository/org/junit/jupiter/junit-jupiter-params/5.12.2/junit-jupiter-params-5.12.2.jar:/Users/mac-RBALI19/.m2/repository/org/junit/jupiter/junit-jupiter-engine/5.12.2/junit-jupiter-engine-5.12.2.jar:/Users/mac-RBALI19/.m2/repository/org/junit/platform/junit-platform-engine/1.12.2/junit-platform-engine-1.12.2.jar:/Users/mac-RBALI19/.m2/repository/org/mockito/mockito-core/5.11.0/mockito-core-5.11.0.jar:/Users/mac-RBALI19/.m2/repository/net/bytebuddy/byte-buddy/1.17.6/byte-buddy-1.17.6.jar:/Users/mac-RBALI19/.m2/repository/net/bytebuddy/byte-buddy-agent/1.17.6/byte-buddy-agent-1.17.6.jar:/Users/mac-RBALI19/.m2/repository/org/objenesis/objenesis/3.3/objenesis-3.3.jar:/Users/mac-RBALI19/.m2/repository/org/mockito/mockito-junit-jupiter/5.11.0/mockito-junit-jupiter-5.11.0.jar:"/>
    <property name="sun.cpu.endian" value="little"/>
    <property name="user.home" value="/Users/mac-RBALI19"/>
    <property name="user.language" value="fr"/>
    <property name="java.specification.vendor" value="Oracle Corporation"/>
    <property name="java.version.date" value="2024-01-16"/>
    <property name="java.home" value="/Users/mac-RBALI19/Library/Java/JavaVirtualMachines/jdk-21.0.2.jdk/Contents/Home"/>
    <property name="file.separator" value="/"/>
    <property name="basedir" value="/Users/mac-RBALI19/Documents/GitHub/padel-tournament-manager/backend/core"/>
    <property name="java.vm.compressedOopsMode" value="Zero based"/>
    <property name="line.separator" value="&#10;"/>
    <property name="java.specification.name" value="Java Platform API Specification"/>
    <property name="java.vm.specification.vendor" value="Oracle Corporation"/>
    <property name="apple.awt.application.name" value="ForkedBooter"/>
    <property name="surefire.real.class.path" value="/Users/mac-RBALI19/Documents/GitHub/padel-tournament-manager/backend/core/target/surefire/surefirebooter-20251005093040600_3.jar"/>
    <property name="sun.management.compiler" value="HotSpot 64-Bit Tiered Compilers"/>
    <property name="java.runtime.version" value="21.0.2+13-58"/>
    <property name="user.name" value="mac-RBALI19"/>
    <property name="stdout.encoding" value="UTF-8"/>
    <property name="path.separator" value=":"/>
    <property name="os.version" value="15.7.1"/>
    <property name="java.runtime.name" value="OpenJDK Runtime Environment"/>
    <property name="file.encoding" value="UTF-8"/>
    <property name="java.vm.name" value="OpenJDK 64-Bit Server VM"/>
    <property name="localRepository" value="/Users/mac-RBALI19/.m2/repository"/>
    <property name="java.vendor.url.bug" value="https://bugreport.java.com/bugreport/"/>
    <property name="java.io.tmpdir" value="/var/folders/yk/xm8ck27s5p51gph32bkm4c740000gq/T/"/>
    <property name="java.version" value="21.0.2"/>
    <property name="user.dir" value="/Users/mac-RBALI19/Documents/GitHub/padel-tournament-manager/backend/core"/>
    <property name="os.arch" value="aarch64"/>
    <property name="java.vm.specification.name" value="Java Virtual Machine Specification"/>
    <property name="native.encoding" value="UTF-8"/>
    <property name="java.library.path" value="/Users/mac-RBALI19/Library/Java/Extensions:/Library/Java/Extensions:/Network/Library/Java/Extensions:/System/Library/Java/Extensions:/usr/lib/java:."/>
    <property name="java.vm.info" value="mixed mode, sharing"/>
    <property name="stderr.encoding" value="UTF-8"/>
    <property name="java.vendor" value="Oracle Corporation"/>
    <property name="java.vm.version" value="21.0.2+13-58"/>
    <property name="sun.io.unicode.encoding" value="UnicodeBig"/>
    <property name="java.class.version" value="65.0"/>
  </properties>
  <testcase name="testSecondRound_SeedsArePlaced(int, int)[1]" classname="io.github.redouanebali.generation.util.StaggeredSeedPlacementUtilTest" time="0.209"/>
  <testcase name="testSecondRound_SeedsArePlaced(int, int)[2]" classname="io.github.redouanebali.generation.util.StaggeredSeedPlacementUtilTest" time="0.003"/>
  <testcase name="testSecondRound_SeedsArePlaced(int, int)[3]" classname="io.github.redouanebali.generation.util.StaggeredSeedPlacementUtilTest" time="0.003"/>
  <testcase name="testSecondRound_SeedsArePlaced(int, int)[4]" classname="io.github.redouanebali.generation.util.StaggeredSeedPlacementUtilTest" time="0.002"/>
  <testcase name="testSecondRound_SeedsArePlaced(int, int)[5]" classname="io.github.redouanebali.generation.util.StaggeredSeedPlacementUtilTest" time="0.002"/>
  <testcase name="testHandlesNullInputs" classname="io.github.redouanebali.generation.util.StaggeredSeedPlacementUtilTest" time="0.0"/>
  <testcase name="testSeedsAlreadyEntered_NotPlacedAgain" classname="io.github.redouanebali.generation.util.StaggeredSeedPlacementUtilTest" time="0.002"/>
  <testcase name="testNoSeeds_NoPlacementOrQualifier" classname="io.github.redouanebali.generation.util.StaggeredSeedPlacementUtilTest" time="0.0"/>
  <testcase name="testFirstRound_AllSeedSlotsAreQualifier(int, int)[1]" classname="io.github.redouanebali.generation.util.StaggeredSeedPlacementUtilTest" time="0.002"/>
  <testcase name="testFirstRound_AllSeedSlotsAreQualifier(int, int)[2]" classname="io.github.redouanebali.generation.util.StaggeredSeedPlacementUtilTest" time="0.002"/>
  <testcase name="testFirstRound_AllSeedSlotsAreQualifier(int, int)[3]" classname="io.github.redouanebali.generation.util.StaggeredSeedPlacementUtilTest" time="0.002"/>
  <testcase name="testFirstRound_AllSeedSlotsAreQualifier(int, int)[4]" classname="io.github.redouanebali.generation.util.StaggeredSeedPlacementUtilTest" time="0.002"/>
  <testcase name="testFirstRound_AllSeedSlotsAreQualifier(int, int)[5]" classname="io.github.redouanebali.generation.util.StaggeredSeedPlacementUtilTest" time="0.001"/>
</testsuite>