<?xml version="1.0" encoding="UTF-8"?>
<testsuite xmlns:xsi="http://www.w3.org/2001/XMLSchema-instance" xsi:noNamespaceSchemaLocation="https://maven.apache.org/surefire/maven-surefire-plugin/xsd/surefire-test-report.xsd" version="3.0.2" name="io.github.redouanebali.generation.util.ByePlacementUtilTest" time="0.028" tests="14" errors="0" skipped="0" failures="0">
  <properties>
    <property name="java.specification.version" value="21"/>
    <property name="sun.jnu.encoding" value="UTF-8"/>
    <property name="java.class.path" value="/Users/mac-RBALI19/Documents/GitHub/padel-tournament-manager/backend/core/target/test-classes:/Users/mac-RBALI19/Documents/GitHub/padel-tournament-manager/backend/core/target/classes:/Users/mac-RBALI19/.m2/repository/jakarta/persistence/jakarta.persistence-api/3.1.0/jakarta.persistence-api-3.1.0.jar:/Users/mac-RBALI19/.m2/repository/com/fasterxml/jackson/core/jackson-annotations/2.19.2/jackson-annotations-2.19.2.jar:/Users/mac-RBALI19/.m2/repository/com/fasterxml/jackson/core/jackson-databind/2.19.2/jackson-databind-2.19.2.jar:/Users/mac-RBALI19/.m2/repository/com/fasterxml/jackson/core/jackson-core/2.19.2/jackson-core-2.19.2.jar:/Users/mac-RBALI19/.m2/repository/jakarta/validation/jakarta.validation-api/3.0.2/jakarta.validation-api-3.0.2.jar:/Users/mac-RBALI19/.m2/repository/org/springframework/spring-context/6.2.9/spring-context-6.2.9.jar:/Users/mac-RBALI19/.m2/repository/org/springframework/spring-aop/6.2.9/spring-aop-6.2.9.jar:/Users/mac-RBALI19/.m2/repository/org/springframework/spring-beans/6.2.9/spring-beans-6.2.9.jar:/Users/mac-RBALI19/.m2/repository/org/springframework/spring-core/6.2.9/spring-core-6.2.9.jar:/Users/mac-RBALI19/.m2/repository/org/springframework/spring-jcl/6.2.9/spring-jcl-6.2.9.jar:/Users/mac-RBALI19/.m2/repository/org/springframework/spring-expression/6.2.9/spring-expression-6.2.9.jar:/Users/mac-RBALI19/.m2/repository/io/micrometer/micrometer-observation/1.15.2/micrometer-observation-1.15.2.jar:/Users/mac-RBALI19/.m2/repository/io/micrometer/micrometer-commons/1.15.2/micrometer-commons-1.15.2.jar:/Users/mac-RBALI19/.m2/repository/org/slf4j/slf4j-api/2.0.17/slf4j-api-2.0.17.jar:/Users/mac-RBALI19/.m2/repository/org/projectlombok/lombok/1.18.38/lombok-1.18.38.jar:/Users/mac-RBALI19/.m2/repository/org/junit/jupiter/junit-jupiter/5.12.2/junit-jupiter-5.12.2.jar:/Users/mac-RBALI19/.m2/repository/org/junit/jupiter/junit-jupiter-api/5.12.2/junit-jupiter-api-5.12.2.jar:/Users/mac-RBALI19/.m2/repository/org/opentest4j/opentest4j/1.3.0/opentest4j-1.3.0.jar:/Users/mac-RBALI19/.m2/repository/org/junit/platform/junit-platform-commons/1.12.2/junit-platform-commons-1.12.2.jar:/Users/mac-RBALI19/.m2/repository/org/apiguardian/apiguardian-api/1.1.2/apiguardian-api-1.1.2.jar:/Users/mac-RBALI19/.m2/repository/org/junit/jupiter/junit-jupiter-params/5.12.2/junit-jupiter-params-5.12.2.jar:/Users/mac-RBALI19/.m2/repository/org/junit/jupiter/junit-jupiter-engine/5.12.2/junit-jupiter-engine-5.12.2.jar:/Users/mac-RBALI19/.m2/repository/org/junit/platform/junit-platform-engine/1.12.2/junit-platform-engine-1.12.2.jar:/Users/mac-RBALI19/.m2/repository/org/mockito/mockito-core/5.17.0/mockito-core-5.17.0.jar:/Users/mac-RBALI19/.m2/repository/net/bytebuddy/byte-buddy/1.17.6/byte-buddy-1.17.6.jar:/Users/mac-RBALI19/.m2/repository/net/bytebuddy/byte-buddy-agent/1.17.6/byte-buddy-agent-1.17.6.jar:/Users/mac-RBALI19/.m2/repository/org/objenesis/objenesis/3.3/objenesis-3.3.jar:/Users/mac-RBALI19/.m2/repository/org/springframework/security/spring-security-test/6.5.2/spring-security-test-6.5.2.jar:/Users/mac-RBALI19/.m2/repository/org/springframework/security/spring-security-core/6.5.2/spring-security-core-6.5.2.jar:/Users/mac-RBALI19/.m2/repository/org/springframework/security/spring-security-crypto/6.5.2/spring-security-crypto-6.5.2.jar:/Users/mac-RBALI19/.m2/repository/org/springframework/security/spring-security-web/6.5.2/spring-security-web-6.5.2.jar:/Users/mac-RBALI19/.m2/repository/org/springframework/spring-web/6.2.9/spring-web-6.2.9.jar:/Users/mac-RBALI19/.m2/repository/org/springframework/spring-test/6.2.9/spring-test-6.2.9.jar:"/>
    <property name="java.vm.vendor" value="Oracle Corporation"/>
    <property name="sun.arch.data.model" value="64"/>
    <property name="java.vendor.url" value="https://java.oracle.com/"/>
    <property name="user.timezone" value="Africa/Casablanca"/>
    <property name="os.name" value="Mac OS X"/>
    <property name="java.vm.specification.version" value="21"/>
    <property name="sun.java.launcher" value="SUN_STANDARD"/>
    <property name="user.country" value="FR"/>
    <property name="sun.boot.library.path" value="/Users/mac-RBALI19/Library/Java/JavaVirtualMachines/jdk-21.0.2.jdk/Contents/Home/lib"/>
    <property name="sun.java.command" value="/Users/mac-RBALI19/Documents/GitHub/padel-tournament-manager/backend/core/target/surefire/surefirebooter-20251005120117739_3.jar /Users/mac-RBALI19/Documents/GitHub/padel-tournament-manager/backend/core/target/surefire 2025-10-05T12-01-17_683-jvmRun1 surefire-20251005120117739_1tmp surefire_0-20251005120117739_2tmp"/>
    <property name="jdk.debug" value="release"/>
    <property name="surefire.test.class.path" value="/Users/mac-RBALI19/Documents/GitHub/padel-tournament-manager/backend/core/target/test-classes:/Users/mac-RBALI19/Documents/GitHub/padel-tournament-manager/backend/core/target/classes:/Users/mac-RBALI19/.m2/repository/jakarta/persistence/jakarta.persistence-api/3.1.0/jakarta.persistence-api-3.1.0.jar:/Users/mac-RBALI19/.m2/repository/com/fasterxml/jackson/core/jackson-annotations/2.19.2/jackson-annotations-2.19.2.jar:/Users/mac-RBALI19/.m2/repository/com/fasterxml/jackson/core/jackson-databind/2.19.2/jackson-databind-2.19.2.jar:/Users/mac-RBALI19/.m2/repository/com/fasterxml/jackson/core/jackson-core/2.19.2/jackson-core-2.19.2.jar:/Users/mac-RBALI19/.m2/repository/jakarta/validation/jakarta.validation-api/3.0.2/jakarta.validation-api-3.0.2.jar:/Users/mac-RBALI19/.m2/repository/org/springframework/spring-context/6.2.9/spring-context-6.2.9.jar:/Users/mac-RBALI19/.m2/repository/org/springframework/spring-aop/6.2.9/spring-aop-6.2.9.jar:/Users/mac-RBALI19/.m2/repository/org/springframework/spring-beans/6.2.9/spring-beans-6.2.9.jar:/Users/mac-RBALI19/.m2/repository/org/springframework/spring-core/6.2.9/spring-core-6.2.9.jar:/Users/mac-RBALI19/.m2/repository/org/springframework/spring-jcl/6.2.9/spring-jcl-6.2.9.jar:/Users/mac-RBALI19/.m2/repository/org/springframework/spring-expression/6.2.9/spring-expression-6.2.9.jar:/Users/mac-RBALI19/.m2/repository/io/micrometer/micrometer-observation/1.15.2/micrometer-observation-1.15.2.jar:/Users/mac-RBALI19/.m2/repository/io/micrometer/micrometer-commons/1.15.2/micrometer-commons-1.15.2.jar:/Users/mac-RBALI19/.m2/repository/org/slf4j/slf4j-api/2.0.17/slf4j-api-2.0.17.jar:/Users/mac-RBALI19/.m2/repository/org/projectlombok/lombok/1.18.38/lombok-1.18.38.jar:/Users/mac-RBALI19/.m2/repository/org/junit/jupiter/junit-jupiter/5.12.2/junit-jupiter-5.12.2.jar:/Users/mac-RBALI19/.m2/repository/org/junit/jupiter/junit-jupiter-api/5.12.2/junit-jupiter-api-5.12.2.jar:/Users/mac-RBALI19/.m2/repository/org/opentest4j/opentest4j/1.3.0/opentest4j-1.3.0.jar:/Users/mac-RBALI19/.m2/repository/org/junit/platform/junit-platform-commons/1.12.2/junit-platform-commons-1.12.2.jar:/Users/mac-RBALI19/.m2/repository/org/apiguardian/apiguardian-api/1.1.2/apiguardian-api-1.1.2.jar:/Users/mac-RBALI19/.m2/repository/org/junit/jupiter/junit-jupiter-params/5.12.2/junit-jupiter-params-5.12.2.jar:/Users/mac-RBALI19/.m2/repository/org/junit/jupiter/junit-jupiter-engine/5.12.2/junit-jupiter-engine-5.12.2.jar:/Users/mac-RBALI19/.m2/repository/org/junit/platform/junit-platform-engine/1.12.2/junit-platform-engine-1.12.2.jar:/Users/mac-RBALI19/.m2/repository/org/mockito/mockito-core/5.17.0/mockito-core-5.17.0.jar:/Users/mac-RBALI19/.m2/repository/net/bytebuddy/byte-buddy/1.17.6/byte-buddy-1.17.6.jar:/Users/mac-RBALI19/.m2/repository/net/bytebuddy/byte-buddy-agent/1.17.6/byte-buddy-agent-1.17.6.jar:/Users/mac-RBALI19/.m2/repository/org/objenesis/objenesis/3.3/objenesis-3.3.jar:/Users/mac-RBALI19/.m2/repository/org/springframework/security/spring-security-test/6.5.2/spring-security-test-6.5.2.jar:/Users/mac-RBALI19/.m2/repository/org/springframework/security/spring-security-core/6.5.2/spring-security-core-6.5.2.jar:/Users/mac-RBALI19/.m2/repository/org/springframework/security/spring-security-crypto/6.5.2/spring-security-crypto-6.5.2.jar:/Users/mac-RBALI19/.m2/repository/org/springframework/security/spring-security-web/6.5.2/spring-security-web-6.5.2.jar:/Users/mac-RBALI19/.m2/repository/org/springframework/spring-web/6.2.9/spring-web-6.2.9.jar:/Users/mac-RBALI19/.m2/repository/org/springframework/spring-test/6.2.9/spring-test-6.2.9.jar:"/>
    <property name="sun.cpu.endian" value="little"/>
    <property name="user.home" value="/Users/mac-RBALI19"/>
    <property name="user.language" value="fr"/>
    <property name="java.specification.vendor" value="Oracle Corporation"/>
    <property name="java.version.date" value="2024-01-16"/>
    <property name="java.home" value="/Users/mac-RBALI19/Library/Java/JavaVirtualMachines/jdk-21.0.2.jdk/Contents/Home"/>
    <property name="file.separator" value="/"/>
    <property name="basedir" value="/Users/mac-RBALI19/Documents/GitHub/padel-tournament-manager/backend/core"/>
    <property name="java.vm.compressedOopsMode" value="Zero based"/>
    <property name="line.separator" value="&#10;"/>
    <property name="java.specification.name" value="Java Platform API Specification"/>
    <property name="java.vm.specification.vendor" value="Oracle Corporation"/>
    <property name="apple.awt.application.name" value="ForkedBooter"/>
    <property name="surefire.real.class.path" value="/Users/mac-RBALI19/Documents/GitHub/padel-tournament-manager/backend/core/target/surefire/surefirebooter-20251005120117739_3.jar"/>
    <property name="sun.management.compiler" value="HotSpot 64-Bit Tiered Compilers"/>
    <property name="java.runtime.version" value="21.0.2+13-58"/>
    <property name="user.name" value="mac-RBALI19"/>
    <property name="stdout.encoding" value="UTF-8"/>
    <property name="path.separator" value=":"/>
    <property name="os.version" value="15.7.1"/>
    <property name="java.runtime.name" value="OpenJDK Runtime Environment"/>
    <property name="file.encoding" value="UTF-8"/>
    <property name="java.vm.name" value="OpenJDK 64-Bit Server VM"/>
    <property name="localRepository" value="/Users/mac-RBALI19/.m2/repository"/>
    <property name="java.vendor.url.bug" value="https://bugreport.java.com/bugreport/"/>
    <property name="java.io.tmpdir" value="/var/folders/yk/xm8ck27s5p51gph32bkm4c740000gq/T/"/>
    <property name="java.version" value="21.0.2"/>
    <property name="user.dir" value="/Users/mac-RBALI19/Documents/GitHub/padel-tournament-manager/backend/core"/>
    <property name="os.arch" value="aarch64"/>
    <property name="java.vm.specification.name" value="Java Virtual Machine Specification"/>
    <property name="native.encoding" value="UTF-8"/>
    <property name="java.library.path" value="/Users/mac-RBALI19/Library/Java/Extensions:/Library/Java/Extensions:/Network/Library/Java/Extensions:/System/Library/Java/Extensions:/usr/lib/java:."/>
    <property name="java.vm.info" value="mixed mode, sharing"/>
    <property name="stderr.encoding" value="UTF-8"/>
    <property name="java.vendor" value="Oracle Corporation"/>
    <property name="java.vm.version" value="21.0.2+13-58"/>
    <property name="sun.io.unicode.encoding" value="UnicodeBig"/>
    <property name="java.class.version" value="65.0"/>
  </properties>
  <testcase name="testPlaceByeTeams_ManualDeclaredSeedsButNotPlaced(int, int, int)[1]" classname="io.github.redouanebali.generation.util.ByePlacementUtilTest" time="0.005"/>
  <testcase name="testPlaceByeTeams_ManualDeclaredSeedsButNotPlaced(int, int, int)[2]" classname="io.github.redouanebali.generation.util.ByePlacementUtilTest" time="0.002"/>
  <testcase name="testPlaceByeTeams_ManualDeclaredSeedsButNotPlaced(int, int, int)[3]" classname="io.github.redouanebali.generation.util.ByePlacementUtilTest" time="0.001"/>
  <testcase name="testPlaceByeTeams_LastResortPlacement" classname="io.github.redouanebali.generation.util.ByePlacementUtilTest" time="0.001"/>
  <testcase name="testPlaceByeTeams_WithQualifiers" classname="io.github.redouanebali.generation.util.ByePlacementUtilTest" time="0.002"/>
  <testcase name="testPlaceByeTeams_ThrowsException_ForInvalidInputs" classname="io.github.redouanebali.generation.util.ByePlacementUtilTest" time="0.001"/>
  <testcase name="testPlaceByeTeams_NoByesNeeded_WhenDrawIsFull" classname="io.github.redouanebali.generation.util.ByePlacementUtilTest" time="0.001"/>
  <testcase name="testPlaceByeTeams_HandlesExistingByes" classname="io.github.redouanebali.generation.util.ByePlacementUtilTest" time="0.001"/>
  <testcase name="testPlaceByeTeams_AutoSeeds(int, int, int)[1]" classname="io.github.redouanebali.generation.util.ByePlacementUtilTest" time="0.002"/>
  <testcase name="testPlaceByeTeams_AutoSeeds(int, int, int)[2]" classname="io.github.redouanebali.generation.util.ByePlacementUtilTest" time="0.003"/>
  <testcase name="testPlaceByeTeams_AutoSeeds(int, int, int)[3]" classname="io.github.redouanebali.generation.util.ByePlacementUtilTest" time="0.002"/>
  <testcase name="testPlaceByeTeams_AutoSeeds(int, int, int)[4]" classname="io.github.redouanebali.generation.util.ByePlacementUtilTest" time="0.001"/>
  <testcase name="testPlaceByeTeams_FallbackPlacement" classname="io.github.redouanebali.generation.util.ByePlacementUtilTest" time="0.0"/>
  <testcase name="testPlaceByeTeams_ThrowsException_WhenNotEnoughSlots" classname="io.github.redouanebali.generation.util.ByePlacementUtilTest" time="0.0"/>
</testsuite>